<?xml version="1.0" encoding="UTF-8"?>
<!-- Generated by org.testng.reporters.JUnitReportReporter -->
<testsuite hostname="DESKTOP-5NNF6N4" failures="0" tests="1" name="basics.Instagram" time="10.106" errors="0" timestamp="2025-09-26T16:20:41 IST" skipped="0">
  <testcase classname="basics.Instagram" name="login" time="10.106"/>
</testsuite> <!-- basics.Instagram -->
