<?xml version="1.0" encoding="UTF-8"?>
<!-- Generated by org.testng.reporters.JUnitReportReporter -->
<testsuite hostname="DESKTOP-5NNF6N4" failures="0" tests="3" name="com.actitime.generic.UserModule" time="0.109" errors="0" timestamp="2025-09-26T14:42:33 IST" skipped="0">
  <testcase classname="com.actitime.generic.UserModule" name="modifyUser" time="0.022">
    <system-out>
      <![CDATA[modifyUser]]>
    </system-out>
  </testcase> <!-- modifyUser -->
  <testcase classname="com.actitime.generic.UserModule" name="createUser" time="0.052">
    <system-out>
      <![CDATA[createUser]]>
    </system-out>
  </testcase> <!-- createUser -->
  <testcase classname="com.actitime.generic.UserModule" name="deleteUser" time="0.035">
    <system-out>
      <![CDATA[deleteUser]]>
    </system-out>
  </testcase> <!-- deleteUser -->
  <system-out>
    <![CDATA[openBrowser
login
createUser
logOut
login
deleteUser
logOut
login
modifyUser
logOut
closeBrowser
openBrowser
login
createProject
logOut
login
deleteProject
logOut
login
modifyProject
logOut
closeBrowser
openBrowser
login
createCustomer
logOut
login
deleteCustomer
logOut
login
modifyCustomer
logOut
closeBrowser]]>
  </system-out>
</testsuite> <!-- com.actitime.generic.UserModule -->
