<?xml version="1.0" encoding="UTF-8"?>
<!-- Generated by org.testng.reporters.JUnitReportReporter -->
<testsuite hostname="DESKTOP-5NNF6N4" failures="0" tests="1" name="basics.ExeAssign" time="3.762" errors="0" timestamp="2025-10-09T09:09:51 IST" skipped="0">
  <testcase classname="basics.ExeAssign" name="demo" time="3.762"/>
</testsuite> <!-- basics.ExeAssign -->
